c:\users\hp\desktop\algorithmes and app\opengl\debug\vc142.pdb
c:\users\hp\desktop\algorithmes and app\opengl\debug\vc142.idb
c:\users\hp\desktop\algorithmes and app\opengl\debug\utilities.obj
c:\users\hp\desktop\algorithmes and app\opengl\debug\source.obj
c:\users\hp\desktop\algorithmes and app\opengl\debug\main.obj
c:\users\hp\desktop\algorithmes and app\opengl\debug\(old)source.obj
c:\users\hp\desktop\algorithmes and app\opengl\debug\inputmanager.obj
c:\users\hp\desktop\algorithmes and app\opengl\debug\windowsettings.obj
c:\users\hp\desktop\algorithmes and app\opengl\debug\window settings.obj
c:\users\hp\desktop\algorithmes and app\opengl\debug\shader manager.obj
c:\users\hp\desktop\algorithmes and app\opengl\debug\input manager.obj
c:\users\hp\desktop\algorithmes and app\opengl\debug\shapes manager.obj
c:\users\hp\desktop\algorithmes and app\opengl\debug\matrices settings.obj
c:\users\hp\desktop\algorithmes and app\opengl\opengl.exe
c:\users\hp\desktop\algorithmes and app\opengl\opengl.ilk
c:\users\hp\desktop\algorithmes and app\opengl\opengl.pdb
c:\users\hp\desktop\algorithmes and app\opengl\debug\shadermanager.obj
c:\users\hp\desktop\algorithmes and app\opengl\debug\source1.obj
c:\users\hp\desktop\algorithmes and app\opengl\debug\inputmanager.obj.enc
c:\users\hp\desktop\algorithmes and app\opengl\debug\main.obj.enc
c:\users\hp\desktop\algorithmes and app\opengl\debug\shader manager.obj.enc
c:\users\hp\desktop\algorithmes and app\opengl\debug\shapes manager.obj.enc
c:\users\hp\desktop\algorithmes and app\opengl\debug\source.obj.enc
c:\users\hp\desktop\algorithmes and app\opengl\debug\source1.obj.enc
c:\users\hp\desktop\algorithmes and app\opengl\debug\window settings.obj.enc
c:\users\hp\desktop\algorithmes and app\opengl\debug\windowsettings.obj.enc
c:\users\hp\desktop\algorithmes and app\opengl\debug\opengl.tlog\cl.command.1.tlog
c:\users\hp\desktop\algorithmes and app\opengl\debug\opengl.tlog\cl.read.1.tlog
c:\users\hp\desktop\algorithmes and app\opengl\debug\opengl.tlog\cl.write.1.tlog
c:\users\hp\desktop\algorithmes and app\opengl\debug\opengl.tlog\link.command.1.tlog
c:\users\hp\desktop\algorithmes and app\opengl\debug\opengl.tlog\link.read.1.tlog
c:\users\hp\desktop\algorithmes and app\opengl\debug\opengl.tlog\link.write.1.tlog
